<?xml version="1.0" encoding="UTF-8"?>
<testsuite name="helloworld.AppTest" tests="1" skipped="0" failures="0" errors="0" timestamp="2020-05-02T09:02:15" hostname="DESKTOP-O9F0UE6" time="1.119">
  <properties/>
  <testcase name="successfulResponse" classname="helloworld.AppTest" time="1.119"/>
  <system-out><![CDATA[]]></system-out>
  <system-err><![CDATA[]]></system-err>
</testsuite>
